<html>
<body>
<pre>
<h1>µVision Build Log</h1>
<h2>Tool Versions:</h2>
IDE-Version: £gVision V5.41.0.0
Copyright (C) 2024 ARM Ltd and ARM Germany GmbH. All rights reserved.
License Information: 123 User, 123, LIC=----
 
Tool Versions:
Toolchain:       MDK-Lite  Version: 5.41.0.0
Toolchain Path:  C:\Users\User\AppData\Local\Keil_v5\ARM\ARM_Compiler_5.06u7\Bin
C Compiler:      Armcc.exe V5.06 update 7 (build 960)
Assembler:       Armasm.exe V5.06 update 7 (build 960)
Linker/Locator:  ArmLink.exe V5.06 update 7 (build 960)
Library Manager: ArmAr.exe V5.06 update 7 (build 960)
Hex Converter:   FromElf.exe V5.06 update 7 (build 960)
CPU DLL:         SARMCM3.DLL V5.41.0.0
Dialog DLL:      DCM.DLL V1.17.5.0
Target DLL:      STLink\ST-LINKIII-KEIL_SWO.dll V3.3.0.0
Dialog DLL:      TCM.DLL V1.56.4.0
 
<h2>Project:</h2>
C:\Users\User\Desktop\Keil-mdk\principal_program\MDK-ARM\Keil-mdk.uvprojx
Project File Date:  05/07/2025

<h2>Output:</h2>
*** Using Compiler 'V5.06 update 7 (build 960)', folder: 'C:\Users\User\AppData\Local\Keil_v5\ARM\ARM_Compiler_5.06u7\Bin'
Rebuild target 'Keil-mdk'
assembling startup_stm32g431xx.s...
compiling vec.c...
compiling packet.c...
compiling stm32g4xx_it.c...
compiling PI_control.c...
compiling adc.c...
compiling vehicle.c...
compiling tim.c...
compiling stm32g4xx_ll_adc.c...
compiling stm32g4xx_hal_msp.c...
compiling principal_adc.c...
compiling principal_main.c...
compiling gpio.c...
compiling dma.c...
compiling my_uart.c...
compiling principal_it.c...
compiling main.c...
compiling usart.c...
compiling motor.c...
../Core/Inc/principal/PI_control.h(24): error:  #20: identifier "MOTOR_PARAMETER" is undefined
  int PI_Controller(MOTOR_PARAMETER *motor, double measurement);
../Core/Inc/principal/principal_it.h(14): error:  #20: identifier "MOTOR_PARAMETER" is undefined
  int time_rpm(MOTOR_PARAMETER *motor);
../Core/Inc/principal/vehicle.h(25): error:  #20: identifier "ROTATE_STATUS" is undefined
      ROTATE_STATUS rotate_direction;
../Core/Inc/principal/vehicle.h(52): error:  #20: identifier "ROTATE_STATUS" is undefined
  ROTATE_STATUS get_rotate_direction(void);
../Core/Inc/principal/vehicle.h(53): error:  #20: identifier "ROTATE_STATUS" is undefined
  void rotate_control_direction (ROTATE_STATUS rotate_mode_right, ROTATE_STATUS rotate_mode_left);
../Core/Inc/principal/vehicle.h(53): error:  #20: identifier "ROTATE_STATUS" is undefined
  void rotate_control_direction (ROTATE_STATUS rotate_mode_right, ROTATE_STATUS rotate_mode_left);
..\Core\Src\principal\motor.c: 0 warnings, 6 errors
compiling stm32g4xx_hal.c...
compiling stm32g4xx_hal_dma_ex.c...
compiling stm32g4xx_hal_flash_ramfunc.c...
compiling stm32g4xx_hal_gpio.c...
compiling stm32g4xx_hal_flash.c...
compiling stm32g4xx_hal_adc.c...
compiling stm32g4xx_hal_flash_ex.c...
compiling stm32g4xx_hal_dma.c...
compiling stm32g4xx_hal_exti.c...
compiling stm32g4xx_nucleo.c...
compiling stm32g4xx_hal_rcc.c...
compiling stm32g4xx_hal_pwr.c...
compiling stm32g4xx_hal_pwr_ex.c...
compiling stm32g4xx_hal_adc_ex.c...
compiling stm32g4xx_hal_rcc_ex.c...
compiling stm32g4xx_hal_cortex.c...
compiling system_stm32g4xx.c...
compiling stm32g4xx_hal_uart_ex.c...
compiling stm32g4xx_hal_usart.c...
compiling stm32g4xx_hal_usart_ex.c...
compiling stm32g4xx_hal_tim_ex.c...
compiling stm32g4xx_hal_uart.c...
compiling stm32g4xx_hal_tim.c...
"Keil-mdk\Keil-mdk.axf" - 6 Error(s), 0 Warning(s).

<h2>Software Packages used:</h2>

Package Vendor: ARM
                https://www.keil.com/pack/ARM.CMSIS.6.1.0.pack
                ARM::CMSIS@6.1.0
                CMSIS (Common Microcontroller Software Interface Standard)
   * Component: CORE Version: 6.1.0

Package Vendor: Keil
                https://www.keil.com/pack/Keil.STM32G4xx_DFP.1.6.0.pack
                Keil::STM32G4xx_DFP@1.6.0
                STMicroelectronics STM32G4 Series Device Support, Drivers and Examples

<h2>Collection of Component include folders:</h2>
  ./RTE/_Keil-mdk
  C:/Users/User/AppData/Local/Arm/Packs/ARM/CMSIS/6.1.0/CMSIS/Core/Include
  C:/Users/User/AppData/Local/Arm/Packs/Keil/STM32G4xx_DFP/1.6.0/Drivers/CMSIS/Device/ST/STM32G4xx/Include

<h2>Collection of Component Files used:</h2>

   * Component: ARM::CMSIS:CORE@6.1.0
      Include file:  CMSIS/Core/Include/tz_context.h
Target not created.
Build Time Elapsed:  00:00:16
</pre>
</body>
</html>
